<?xml version="1.0" encoding="UTF-8"?>
<!-- Generated by org.testng.reporters.JUnitReportReporter -->
<testsuite hostname="01HW1045896" name="bsiShopRedesignSprint2.WarningMsgAddtoBasket" tests="1" failures="0" timestamp="15 Jan 2018 14:20:32 GMT" time="57.621" errors="0">
  <testcase name="downloadPASMM" time="57.621" classname="bsiShopRedesignSprint2.WarningMsgAddtoBasket"/>
</testsuite> <!-- bsiShopRedesignSprint2.WarningMsgAddtoBasket -->
