<?xml version="1.0" encoding="UTF-8"?>
<!-- Generated by org.testng.reporters.JUnitReportReporter -->
<testsuite hostname="01HW1045896" name="bsiShopRedesignSprint2.RegisterBSOLQuote" tests="1" failures="0" timestamp="10 Jan 2018 09:16:49 GMT" time="53.576" errors="0">
  <testcase name="regBSOLQuote" time="53.576" classname="bsiShopRedesignSprint2.RegisterBSOLQuote"/>
</testsuite> <!-- bsiShopRedesignSprint2.RegisterBSOLQuote -->
