<?xml version="1.0" encoding="UTF-8"?>
<!-- Generated by org.testng.reporters.JUnitReportReporter -->
<testsuite hostname="01HW1045896" name="util.Constants" tests="1" failures="0" timestamp="28 Dec 2017 14:22:11 GMT" time="0.000" errors="0">
  <testcase name="test" time="0.000" classname="util.Constants"/>
</testsuite> <!-- util.Constants -->
