<?xml version="1.0" encoding="UTF-8"?>
<!-- Generated by org.testng.reporters.JUnitReportReporter -->
<testsuite hostname="01HW1045896" name="bsiShopRedesignSprint2.ViewMemberTab" tests="2" failures="0" timestamp="29 Mar 2018 16:02:03 GMT" time="31.201" errors="0">
  <testcase name="signInMember" time="19.168" classname="bsiShopRedesignSprint2.ViewMemberTab"/>
  <testcase name="verifyMemberTab" time="12.033" classname="bsiShopRedesignSprint2.ViewMemberTab"/>
</testsuite> <!-- bsiShopRedesignSprint2.ViewMemberTab -->
