<?xml version="1.0" encoding="UTF-8"?>
<!-- Generated by org.testng.reporters.JUnitReportReporter -->
<testsuite hostname="01HW1045896" name="bsiShopRedesignSprint2.DownloadMM" tests="2" failures="0" timestamp="17 Jan 2018 17:20:52 GMT" time="60.357" errors="0">
  <testcase name="signIn" time="18.705" classname="bsiShopRedesignSprint2.DownloadMM"/>
  <testcase name="downloadPASMM" time="41.652" classname="bsiShopRedesignSprint2.DownloadMM"/>
</testsuite> <!-- bsiShopRedesignSprint2.DownloadMM -->
