<?xml version="1.0" encoding="UTF-8"?>
<!-- Generated by org.testng.reporters.JUnitReportReporter -->
<testsuite skipped="2" hostname="ShopRedesign02" name="bsiShopRedesignSprint1.MyProfile" tests="3" failures="0" timestamp="13 Apr 2018 13:13:09 GMT" time="23.646" errors="0">
  <testcase name="signIn" time="23.646" classname="bsiShopRedesignSprint1.MyProfile"/>
  <testcase name="makeDefaultBillingAddress" classname="bsiShopRedesignSprint1.MyProfile">
    <skipped/>
  </testcase> <!-- makeDefaultBillingAddress -->
  <testcase name="addNewBillingAddress" classname="bsiShopRedesignSprint1.MyProfile">
    <skipped/>
  </testcase> <!-- addNewBillingAddress -->
</testsuite> <!-- bsiShopRedesignSprint1.MyProfile -->
