<?xml version="1.0" encoding="UTF-8"?>
<!-- Generated by org.testng.reporters.JUnitReportReporter -->
<testsuite hostname="01HW1045896" name="bsiShopRedesign.MyProfile_AddTenAddressess" tests="3" failures="0" timestamp="19 Dec 2017 14:20:26 GMT" time="892.767" errors="0">
  <testcase name="addTenDeliveryAddress" time="419.861" classname="bsiShopRedesign.MyProfile_AddTenAddressess"/>
  <testcase name="signIn" time="21.693" classname="bsiShopRedesign.MyProfile_AddTenAddressess"/>
  <testcase name="addTenBillingAddress" time="451.213" classname="bsiShopRedesign.MyProfile_AddTenAddressess"/>
</testsuite> <!-- bsiShopRedesign.MyProfile_AddTenAddressess -->
