<?xml version="1.0" encoding="UTF-8"?>
<!-- Generated by org.testng.reporters.JUnitReportReporter -->
<testsuite hostname="01HW1045896" name="bsiShopRedesign.TestProducts" tests="2" failures="0" timestamp="13 Dec 2017 08:38:10 GMT" time="276.001" errors="0">
  <testcase name="searchAndUpdateEssentialsProduct" time="136.089" classname="bsiShopRedesign.TestProducts"/>
  <testcase name="searchAndUpdateStandardProduct" time="139.912" classname="bsiShopRedesign.TestProducts"/>
</testsuite> <!-- bsiShopRedesign.TestProducts -->
