<?xml version="1.0" encoding="UTF-8"?>
<!-- Generated by org.testng.reporters.JUnitReportReporter -->
<testsuite hostname="01HW1045896" name="bsiShopRedesignSprint3.checkActionButton" tests="1" failures="0" timestamp="19 Feb 2018 12:31:47 GMT" time="55.748" errors="0">
  <testcase name="checkActionButtonPAS" time="55.748" classname="bsiShopRedesignSprint3.checkActionButton"/>
</testsuite> <!-- bsiShopRedesignSprint3.checkActionButton -->
