<?xml version="1.0" encoding="UTF-8"?>
<!-- Generated by org.testng.reporters.JUnitReportReporter -->
<testsuite hostname="01HW1045896" name="bsiShopRedesignSprint4and5.MemberProfile" tests="2" failures="0" timestamp="30 Mar 2018 12:37:42 GMT" time="289.354" errors="0">
  <testcase name="signInMember" time="35.283" classname="bsiShopRedesignSprint4and5.MemberProfile"/>
  <testcase name="verifyMemberTab" time="254.071" classname="bsiShopRedesignSprint4and5.MemberProfile"/>
</testsuite> <!-- bsiShopRedesignSprint4and5.MemberProfile -->
