<?xml version="1.0" encoding="UTF-8"?>
<!-- Generated by org.testng.reporters.JUnitReportReporter -->
<testsuite hostname="01HW1045896" name="bsiShopRedesignSprint3.searchProductNum" tests="1" failures="0" timestamp="16 Feb 2018 12:04:22 GMT" time="84.093" errors="0">
  <testcase name="searchPASCount" time="84.093" classname="bsiShopRedesignSprint3.searchProductNum"/>
</testsuite> <!-- bsiShopRedesignSprint3.searchProductNum -->
