<?xml version="1.0" encoding="UTF-8"?>
<!-- Generated by org.testng.reporters.JUnitReportReporter -->
<testsuite hostname="01HW1045896" name="bsiShopRedesignSprint3.CheckWithdrawnStatus" tests="3" failures="0" timestamp="11 Apr 2018 16:36:50 GMT" time="443.569" errors="0">
  <testcase name="checkBookStatus" time="148.524" classname="bsiShopRedesignSprint3.CheckWithdrawnStatus"/>
  <testcase name="checkProductStatus" time="147.557" classname="bsiShopRedesignSprint3.CheckWithdrawnStatus"/>
  <testcase name="checkEventStatus" time="147.488" classname="bsiShopRedesignSprint3.CheckWithdrawnStatus"/>
</testsuite> <!-- bsiShopRedesignSprint3.CheckWithdrawnStatus -->
