<?xml version="1.0" encoding="UTF-8"?>
<!-- Generated by org.testng.reporters.JUnitReportReporter -->
<testsuite hostname="01HW1045896" name="bsiShopRedesignSprint2.ProductAndEventUpdateBasket" tests="1" failures="0" timestamp="8 Jan 2018 13:30:58 GMT" time="263.140" errors="0">
  <testcase name="BookPaidEventAndStandardProduct" time="263.140" classname="bsiShopRedesignSprint2.ProductAndEventUpdateBasket"/>
</testsuite> <!-- bsiShopRedesignSprint2.ProductAndEventUpdateBasket -->
