<?xml version="1.0" encoding="UTF-8"?>
<!-- Generated by org.testng.reporters.JUnitReportReporter -->
<testsuite hostname="01HW1045896" name="bsiShopRedesignSprint3.CheckSearchSortingOrder" tests="1" failures="0" timestamp="12 Mar 2018 12:43:31 GMT" time="208.503" errors="0">
  <testcase name="checkSortingOrderQuality" time="208.503" classname="bsiShopRedesignSprint3.CheckSearchSortingOrder"/>
</testsuite> <!-- bsiShopRedesignSprint3.CheckSearchSortingOrder -->
